\BOOKMARK [0][-]{chapter.1}{\376\377\0001\000\040\000F\000i\000l\000e\000\040\000I\000n\000d\000e\000x}{}% 1
\BOOKMARK [1][-]{section.1.1}{\376\377\0001\000.\0001\000\040\000F\000i\000l\000e\000\040\000L\000i\000s\000t}{chapter.1}% 2
\BOOKMARK [0][-]{chapter.2}{\376\377\0002\000\040\000F\000i\000l\000e\000\040\000D\000o\000c\000u\000m\000e\000n\000t\000a\000t\000i\000o\000n}{}% 3
\BOOKMARK [1][-]{section.2.1}{\376\377\0002\000.\0001\000\040\000C\000:\000/\000U\000s\000e\000r\000s\000/\000m\000i\000k\000o\000l\000/\000d\000b\0003\0004\0007\000b\000f\0007\000-\000g\000r\0000\0001\000-\000r\000e\000p\000o\000/\000p\000r\000o\000j\000e\000k\000t\000/\000P\000r\000o\000j\000e\000k\000t\000\040\000-\000\040\000V\000i\000g\000e\000n\000e\000r\000e\000/\000P\000r\000o\000j\000e\000k\000t\000\040\000-\000\040\000V\000i\000g\000e\000n\000e\000r\000e\000/\000f\000u\000n\000k\000c\000j\000e\000.\000c\000p\000p\000\040\000F\000i\000l\000e\000\040\000R\000e\000f\000e\000r\000e\000n\000c\000e}{chapter.2}% 4
\BOOKMARK [2][-]{subsection.2.1.1}{\376\377\0002\000.\0001\000.\0001\000\040\000F\000u\000n\000c\000t\000i\000o\000n\000\040\000D\000o\000c\000u\000m\000e\000n\000t\000a\000t\000i\000o\000n}{section.2.1}% 5
\BOOKMARK [3][-]{subsubsection.2.1.1.1}{\376\377\0002\000.\0001\000.\0001\000.\0001\000\040\000A\000r\000g\000W\000e\000j\000s\000c\000i\000a\000\050\000\051}{subsection.2.1.1}% 6
\BOOKMARK [3][-]{subsubsection.2.1.1.2}{\376\377\0002\000.\0001\000.\0001\000.\0002\000\040\000f\000l\000a\000g\000a\000\137\000p\000r\000o\000g\000\050\000\051}{subsection.2.1.1}% 7
\BOOKMARK [3][-]{subsubsection.2.1.1.3}{\376\377\0002\000.\0001\000.\0001\000.\0003\000\040\000o\000d\000c\000z\000y\000t\000a\000j\000\050\000\051}{subsection.2.1.1}% 8
\BOOKMARK [3][-]{subsubsection.2.1.1.4}{\376\377\0002\000.\0001\000.\0001\000.\0004\000\040\000o\000d\000s\000z\000y\000f\000r\000u\000j\000\050\000\051}{subsection.2.1.1}% 9
\BOOKMARK [3][-]{subsubsection.2.1.1.5}{\376\377\0002\000.\0001\000.\0001\000.\0005\000\040\000s\000c\000i\000e\000z\000k\000a\000\050\000\051}{subsection.2.1.1}% 10
\BOOKMARK [3][-]{subsubsection.2.1.1.6}{\376\377\0002\000.\0001\000.\0001\000.\0006\000\040\000s\000z\000y\000f\000r\000u\000j\000\050\000\051}{subsection.2.1.1}% 11
\BOOKMARK [3][-]{subsubsection.2.1.1.7}{\376\377\0002\000.\0001\000.\0001\000.\0007\000\040\000z\000a\000p\000i\000s\000z\000\050\000\051}{subsection.2.1.1}% 12
\BOOKMARK [3][-]{subsubsection.2.1.1.8}{\376\377\0002\000.\0001\000.\0001\000.\0008\000\040\000z\000n\000a\000j\000d\000z\000\137\000k\000l\000u\000c\000z\000\050\000\051}{subsection.2.1.1}% 13
\BOOKMARK [3][-]{subsubsection.2.1.1.9}{\376\377\0002\000.\0001\000.\0001\000.\0009\000\040\000z\000n\000a\000j\000d\000z\000\137\000k\000l\000u\000c\000z\000\137\000d\000l\000u\000g\000o\000s\000c\000\050\000\051}{subsection.2.1.1}% 14
\BOOKMARK [1][-]{section.2.2}{\376\377\0002\000.\0002\000\040\000C\000:\000/\000U\000s\000e\000r\000s\000/\000m\000i\000k\000o\000l\000/\000d\000b\0003\0004\0007\000b\000f\0007\000-\000g\000r\0000\0001\000-\000r\000e\000p\000o\000/\000p\000r\000o\000j\000e\000k\000t\000/\000P\000r\000o\000j\000e\000k\000t\000\040\000-\000\040\000V\000i\000g\000e\000n\000e\000r\000e\000/\000P\000r\000o\000j\000e\000k\000t\000\040\000-\000\040\000V\000i\000g\000e\000n\000e\000r\000e\000/\000f\000u\000n\000k\000c\000j\000e\000.\000h\000\040\000F\000i\000l\000e\000\040\000R\000e\000f\000e\000r\000e\000n\000c\000e}{chapter.2}% 15
\BOOKMARK [2][-]{subsection.2.2.1}{\376\377\0002\000.\0002\000.\0001\000\040\000E\000n\000u\000m\000e\000r\000a\000t\000i\000o\000n\000\040\000T\000y\000p\000e\000\040\000D\000o\000c\000u\000m\000e\000n\000t\000a\000t\000i\000o\000n}{section.2.2}% 16
\BOOKMARK [3][-]{subsubsection.2.2.1.1}{\376\377\0002\000.\0002\000.\0001\000.\0001\000\040\000z\000a\000d\000a\000n\000i\000e\000\137\000p\000r\000o\000g}{subsection.2.2.1}% 17
\BOOKMARK [2][-]{subsection.2.2.2}{\376\377\0002\000.\0002\000.\0002\000\040\000F\000u\000n\000c\000t\000i\000o\000n\000\040\000D\000o\000c\000u\000m\000e\000n\000t\000a\000t\000i\000o\000n}{section.2.2}% 18
\BOOKMARK [3][-]{subsubsection.2.2.2.1}{\376\377\0002\000.\0002\000.\0002\000.\0001\000\040\000A\000r\000g\000W\000e\000j\000s\000c\000i\000a\000\050\000\051}{subsection.2.2.2}% 19
\BOOKMARK [3][-]{subsubsection.2.2.2.2}{\376\377\0002\000.\0002\000.\0002\000.\0002\000\040\000f\000l\000a\000g\000a\000\137\000p\000r\000o\000g\000\050\000\051}{subsection.2.2.2}% 20
\BOOKMARK [3][-]{subsubsection.2.2.2.3}{\376\377\0002\000.\0002\000.\0002\000.\0003\000\040\000o\000d\000c\000z\000y\000t\000a\000j\000\050\000\051}{subsection.2.2.2}% 21
\BOOKMARK [3][-]{subsubsection.2.2.2.4}{\376\377\0002\000.\0002\000.\0002\000.\0004\000\040\000o\000d\000s\000z\000y\000f\000r\000u\000j\000\050\000\051}{subsection.2.2.2}% 22
\BOOKMARK [3][-]{subsubsection.2.2.2.5}{\376\377\0002\000.\0002\000.\0002\000.\0005\000\040\000s\000c\000i\000e\000z\000k\000a\000\050\000\051}{subsection.2.2.2}% 23
\BOOKMARK [3][-]{subsubsection.2.2.2.6}{\376\377\0002\000.\0002\000.\0002\000.\0006\000\040\000s\000z\000y\000f\000r\000u\000j\000\050\000\051}{subsection.2.2.2}% 24
\BOOKMARK [3][-]{subsubsection.2.2.2.7}{\376\377\0002\000.\0002\000.\0002\000.\0007\000\040\000z\000a\000p\000i\000s\000z\000\050\000\051}{subsection.2.2.2}% 25
\BOOKMARK [3][-]{subsubsection.2.2.2.8}{\376\377\0002\000.\0002\000.\0002\000.\0008\000\040\000z\000n\000a\000j\000d\000z\000\137\000k\000l\000u\000c\000z\000\050\000\051}{subsection.2.2.2}% 26
\BOOKMARK [3][-]{subsubsection.2.2.2.9}{\376\377\0002\000.\0002\000.\0002\000.\0009\000\040\000z\000n\000a\000j\000d\000z\000\137\000k\000l\000u\000c\000z\000\137\000d\000l\000u\000g\000o\000s\000c\000\050\000\051}{subsection.2.2.2}% 27
\BOOKMARK [1][-]{section.2.3}{\376\377\0002\000.\0003\000\040\000f\000u\000n\000k\000c\000j\000e\000.\000h}{chapter.2}% 28
\BOOKMARK [1][-]{section.2.4}{\376\377\0002\000.\0004\000\040\000C\000:\000/\000U\000s\000e\000r\000s\000/\000m\000i\000k\000o\000l\000/\000d\000b\0003\0004\0007\000b\000f\0007\000-\000g\000r\0000\0001\000-\000r\000e\000p\000o\000/\000p\000r\000o\000j\000e\000k\000t\000/\000P\000r\000o\000j\000e\000k\000t\000\040\000-\000\040\000V\000i\000g\000e\000n\000e\000r\000e\000/\000P\000r\000o\000j\000e\000k\000t\000\040\000-\000\040\000V\000i\000g\000e\000n\000e\000r\000e\000/\000m\000a\000i\000n\000.\000c\000p\000p\000\040\000F\000i\000l\000e\000\040\000R\000e\000f\000e\000r\000e\000n\000c\000e}{chapter.2}% 29
\BOOKMARK [2][-]{subsection.2.4.1}{\376\377\0002\000.\0004\000.\0001\000\040\000F\000u\000n\000c\000t\000i\000o\000n\000\040\000D\000o\000c\000u\000m\000e\000n\000t\000a\000t\000i\000o\000n}{section.2.4}% 30
\BOOKMARK [3][-]{subsubsection.2.4.1.1}{\376\377\0002\000.\0004\000.\0001\000.\0001\000\040\000m\000a\000i\000n\000\050\000\051}{subsection.2.4.1}% 31
\BOOKMARK [0][-]{section*.5}{\376\377\000I\000n\000d\000e\000x}{}% 32
